<?xml version="1.0" encoding="UTF-8"?>
<testng-results ignored="0" total="3" passed="3" failed="0" skipped="0">
  <reporter-output>
  </reporter-output>
  <suite started-at="2024-11-12T00:59:59Z" name="Suite" finished-at="2024-11-12T01:00:00Z" duration-ms="1386">
    <groups>
      <group name="cucumber">
        <method signature="AbstractTestNGCucumberTests.runScenario(io.cucumber.testng.PickleWrapper, io.cucumber.testng.FeatureWrapper)[pri:0, instance:com.pbrunner.RunnerAllFeature@34b9f960]" name="runScenario" class="io.cucumber.testng.AbstractTestNGCucumberTests"/>
      </group> <!-- cucumber -->
    </groups>
    <test started-at="2024-11-12T00:59:59Z" name="Test" finished-at="2024-11-12T01:00:00Z" duration-ms="1386">
      <class name="com.pbrunner.RunnerAllFeature">
        <test-method is-config="true" signature="setup()[pri:0, instance:com.pbrunner.RunnerAllFeature@34b9f960]" started-at="2024-11-12T00:59:59Z" name="setup" finished-at="2024-11-12T00:59:59Z" duration-ms="3" status="PASS">
          <reporter-output>
          </reporter-output>
        </test-method> <!-- setup -->
        <test-method is-config="true" signature="setUpClass()[pri:0, instance:com.pbrunner.RunnerAllFeature@34b9f960]" started-at="2024-11-12T00:59:59Z" name="setUpClass" finished-at="2024-11-12T00:59:59Z" duration-ms="190" status="PASS">
          <reporter-output>
          </reporter-output>
        </test-method> <!-- setUpClass -->
        <test-method signature="runScenario(io.cucumber.testng.PickleWrapper, io.cucumber.testng.FeatureWrapper)[pri:0, instance:com.pbrunner.RunnerAllFeature@34b9f960]" started-at="2024-11-12T00:59:59Z" name="runScenario" description="Runs Cucumber Scenarios" data-provider="scenarios" finished-at="2024-11-12T00:59:59Z" duration-ms="57" status="PASS">
          <params>
            <param index="0">
              <value>
                <![CDATA["As an Parabank User, I want to login in my Bank accountwith valide credantial,"]]>
              </value>
            </param>
            <param index="1">
              <value>
                <![CDATA["Optional[ParaBank Login Testing]"]]>
              </value>
            </param>
          </params>
          <reporter-output>
          </reporter-output>
        </test-method> <!-- runScenario -->
        <test-method signature="runScenario(io.cucumber.testng.PickleWrapper, io.cucumber.testng.FeatureWrapper)[pri:0, instance:com.pbrunner.RunnerAllFeature@34b9f960]" started-at="2024-11-12T00:59:59Z" name="runScenario" description="Runs Cucumber Scenarios" data-provider="scenarios" finished-at="2024-11-12T00:59:59Z" duration-ms="9" status="PASS">
          <params>
            <param index="0">
              <value>
                <![CDATA["As a Parabank user, I want to signin with only username but no password,"]]>
              </value>
            </param>
            <param index="1">
              <value>
                <![CDATA["Optional[ParaBank Login Testing]"]]>
              </value>
            </param>
          </params>
          <reporter-output>
          </reporter-output>
        </test-method> <!-- runScenario -->
        <test-method signature="runScenario(io.cucumber.testng.PickleWrapper, io.cucumber.testng.FeatureWrapper)[pri:0, instance:com.pbrunner.RunnerAllFeature@34b9f960]" started-at="2024-11-12T00:59:59Z" name="runScenario" description="Runs Cucumber Scenarios" data-provider="scenarios" finished-at="2024-11-12T00:59:59Z" duration-ms="5" status="PASS">
          <params>
            <param index="0">
              <value>
                <![CDATA["As a Parabank user, I want to log out from my bank account,"]]>
              </value>
            </param>
            <param index="1">
              <value>
                <![CDATA["Optional[Parabank Logout testing]"]]>
              </value>
            </param>
          </params>
          <reporter-output>
          </reporter-output>
        </test-method> <!-- runScenario -->
        <test-method is-config="true" signature="tearDownClass()[pri:0, instance:com.pbrunner.RunnerAllFeature@34b9f960]" started-at="2024-11-12T00:59:59Z" name="tearDownClass" finished-at="2024-11-12T01:00:00Z" duration-ms="1114" status="PASS">
          <reporter-output>
          </reporter-output>
        </test-method> <!-- tearDownClass -->
      </class> <!-- com.pbrunner.RunnerAllFeature -->
    </test> <!-- Test -->
  </suite> <!-- Suite -->
</testng-results>
